<?xml version="1.0" encoding="UTF-8"?>
<!-- Generated by org.testng.reporters.JUnitXMLReporter -->
<testsuite ignored="0" hostname="TYSS-Manoj" failures="0" tests="1" name="Test" time="0.096" errors="0" timestamp="2024-01-10T18:21:41 IST">
  <testcase classname="ChangePassword.CP001_Verify_User_Is_Able_To_Change_The_Password" name="@BeforeTest openkuzaApplication" time="0.061">
    <failure type="java.lang.NoSuchMethodError" message="&amp;apos;void org.openqa.selenium.remote.http.ClientConfig.&amp;lt;init&amp;gt;(java.net.URI, java.time.Duration, java.time.Duration, org.openqa.selenium.remote.http.Filter, java.net.Proxy, org.openqa.selenium.Credentials)&amp;apos;">
      <![CDATA[java.lang.NoSuchMethodError: 'void org.openqa.selenium.remote.http.ClientConfig.<init>(java.net.URI, java.time.Duration, java.time.Duration, org.openqa.selenium.remote.http.Filter, java.net.Proxy, org.openqa.selenium.Credentials)'
at io.appium.java_client.AppiumClientConfig.<init>(AppiumClientConfig.java:62)
at io.appium.java_client.AppiumClientConfig.defaultConfig(AppiumClientConfig.java:79)
at io.appium.java_client.remote.AppiumCommandExecutor.<init>(AppiumCommandExecutor.java:109)
at io.appium.java_client.AppiumDriver.<init>(AppiumDriver.java:101)
at io.appium.java_client.android.AndroidDriver.<init>(AndroidDriver.java:113)
at Resources.base.openKuzaAplicationWithPackageActivityAndNoResetFalse(base.java:65)
at ChangePassword.CP001_Verify_User_Is_Able_To_Change_The_Password.openkuzaApplication(CP001_Verify_User_Is_Able_To_Change_The_Password.java:27)
... Removed 24 stack frames]]>
    </failure>
  </testcase> <!-- @BeforeTest openkuzaApplication -->
  <testcase classname="ChangePassword.CP001_Verify_User_Is_Able_To_Change_The_Password" name="@AfterTest closeTheApplication" time="0.0">
    <skipped/>
  </testcase> <!-- @AfterTest closeTheApplication -->
  <testcase classname="ChangePassword.CP001_Verify_User_Is_Able_To_Change_The_Password" name="enterInvalidUsernameAndValidPassword" time="0.0">
    <skipped/>
  </testcase> <!-- enterInvalidUsernameAndValidPassword -->
</testsuite> <!-- Test -->
