<?xml version="1.0" encoding="UTF-8"?>
<!-- Generated by org.testng.reporters.JUnitXMLReporter -->
<testsuite ignored="0" hostname="TYSS-Manoj" failures="0" tests="1" name="Test5" time="0.005" errors="0" timestamp="2024-01-10T18:21:41 IST">
  <testcase classname="login.LG005_Verifying_User_Is_Able_To_Get_Error_Message_When_User_Does_Not_Enter_Username_And_Password" name="enterInvalidUsernameAndValidPassword" time="0.0">
    <skipped/>
  </testcase> <!-- enterInvalidUsernameAndValidPassword -->
</testsuite> <!-- Test5 -->
